80.0
83.6
84.6
84.0
85.0
84.4
84.4
85.0
90.6
94.2
94.8
95.8
94.8
95.0
94.8
94.8
96.6
95.0
94.2
97.4
100.6
100.6
85.2
86.8
85.2
84.6
85.0
85.2
85.0
85.6
90.0
93.8
92.6
91.8
93.8
93.6
94.0
94.2
92.8
94.2
93.4
98.4
100.6
100.8
100.8
100.6
84.4
85.6
86.8
85.8
84.6
85.4
90.2
95.6
93.8
93.8
92.2
93.0
94.2
93.8
93.8
93.4
93.2
99.0
100.8
100.6
101.0
100.6
100.8
100.8
86.0
86.6
87.6
86.0
91.8
95.0
96.4
95.8
96.0
96.6
96.8
96.2
98.6
95.6
97.0
98.6
100.6
100.8
100.6
100.8
100.4
101.0
100.6
100.8
85.2
84.6
92.8
98.0
95.0
94.4
97.6
94.4
97.0
94.8
95.4
94.6
95.6
98.2
100.8
100.6
101.0
100.8
100.8
101.0
100.6
100.8
100.8
100.8
92.6
96.0
96.2
96.0
95.0
94.6
95.0
94.8
94.4
84.0
84.4
84.0
85.2
84.2
84.6
85.4
84.6
84.4
84.0
84.4
91.8
92.6
94.4
93.0
93.6
94.2
94.0
96.0
93.0
93.4
94.0
100.6
100.8
100.8
100.8
100.6
83.8
84.4
84.2
84.8
84.2
84.0
93.2
93.0
93.0
92.6
93.0
92.8
93.4
93.6
94.4
94.6
93.0
101.0
100.8
100.6
101.0
100.8
101.0
101.0
83.6
81.6
82.2
82.8
92.6
92.6
93.8
93.0
92.8
92.6
92.6
92.6
92.4
92.2
93.2
100.8
100.8
101.0
101.0
101.2
100.6
101.0
100.6
101.0
84.0
83.4
93.6
92.6
92.8
93.6
93.0
92.8
93.0
92.4
92.8
92.8
92.0
100.6
101.0
100.6
100.8
100.8
101.2
100.8
100.4
101.0
100.8
101.0
83.4
82.0
82.6
81.8
84.4
82.6
83.2
82.0
87.8
91.4
91.6
91.6
91.2
91.8
91.2
91.2
91.6
91.4
91.2
91.2
89.8
90.2
95.4
100.6
84.6
82.8
82.6
84.0
84.4
91.4
92.2
92.2
92.2
92.2
92.6
92.2
92.6
93.2
92.8
92.4
91.6
92.8
92.2
92.2
92.8
92.0
91.8
93.6
84.8
83.4
82.8
83.2
82.8
85.6
83.0
83.6
84.0
83.2
84.2
91.4
92.0
92.4
91.4
92.8
92.8
93.0
92.2
93.0
91.6
93.6
101.0
100.6
83.4
83.0
84.2
84.8
82.8
85.0
83.8
83.8
84.0
83.6
83.6
91.2
93.4
92.6
93.8
93.4
92.4
94.2
93.0
93.6
92.4
93.2
97.2
101.0
101.0
100.8
100.8
100.8
100.6
100.8
100.4
101.0
100.8
100.8
101.0
100.4
85.6
83.2
83.4
84.0
83.8
84.2
84.2
84.2
89.6
92.8
89.2
82.2
82.4
83.6
82.4
82.4
82.8
82.4
84.0
82.6
82.6
84.4
91.0
89.6
90.6
90.2
88.8
90.6
90.0
90.0
92.0
90.6
92.2
101.2
100.8
101.0
84.0
83.0
82.8
83.2
83.0
83.4
84.6
84.4
92.0
92.6
100.6
101.0
101.0
100.8
100.6
101.2
100.8
100.6
101.0
100.8
100.8
101.0
100.6
100.8
84.6
83.4
83.2
83.6
83.0
83.6
84.4
83.4
91.0
91.6
91.8
91.4
91.6
91.2
92.0
91.2
92.0
91.2
93.4
100.2
100.4
100.8
101.2
100.6
85.6
83.6
83.2
83.8
84.0
83.4
92.8
93.6
92.8
93.6
92.8
92.0
91.6
92.2
91.2
92.6
94.8
100.8
100.6
100.8
100.8
100.8
101.0
100.6
85.4
83.2
83.4
84.0
91.8
91.2
91.4
93.4
92.6
92.8
91.8
91.0
92.0
91.8
92.4
101.0
100.6
101.0
100.8
100.6
101.0
100.6
100.8
101.0
85.2
84.8
92.4
93.4
93.4
93.2
93.6
95.4
94.0
93.4
93.4
93.6
94.2
100.8
100.8
101.0
100.6
100.8
100.6
101.0
100.8
100.8
100.6
100.8
87.2
85.8
85.8
85.8
85.8
85.6
85.8
86.6
86.2
85.8
86.6
94.2
94.4
94.8
94.4
94.4
95.0
94.2
94.8
