91.2
92.0
91.2
93.4
100.2
100.4
100.8
101.2
100.6
85.6
83.6
83.2
83.8
84.0
83.4
92.8
93.6
92.8
93.6
92.8
92.0
91.6
92.2
91.2
92.6
94.8
100.8
100.6
100.8
100.8
100.8
101.0
100.6
85.4
83.2
83.4
84.0
91.8
91.2
91.4
93.4
92.6
92.8
91.8
91.0
92.0
91.8
92.4
101.0
100.6
101.0
100.8
100.6
101.0
100.6
100.8
101.0
85.2
84.8
92.4
93.4
93.4
93.2
93.6
95.4
94.0
93.4
93.4
93.6
94.2
100.8
100.8
101.0
100.6
100.8
100.6
101.0
100.8
100.8
100.6
100.8
87.2
85.8
85.8
85.8
85.8
85.6
85.8
86.6
86.2
85.8
86.6
94.2
94.4
94.8
94.4
94.4
95.0
94.2
94.8
